{"contracts/Voting.sol":{"l":{"41":40,"42":36,"50":4,"54":4,"61":37,"62":37,"64":36,"65":36,"72":16,"73":15,"76":14,"77":14,"78":14,"79":14,"85":12,"86":11,"87":10,"89":9,"90":9,"91":9,"93":9,"100":16,"101":16,"103":16,"104":16,"105":16,"107":16,"111":11,"112":10,"113":10,"117":9,"118":8,"119":8,"123":4,"124":3,"125":3,"130":3,"131":2,"132":2,"133":7,"134":3,"137":2,"139":2,"140":2},"path":"/Users/ayoub/Desktop/Ayoub/Projet Entrepreneur/Web3/Code/Alyra/Tests unitaires/Projet 2/contracts/Voting.sol","s":{"1":40,"2":4,"3":4,"4":37,"5":37,"6":36,"7":16,"8":15,"9":14,"10":14,"11":14,"12":12,"13":11,"14":10,"15":9,"16":16,"17":16,"18":16,"19":16,"20":11,"21":10,"22":9,"23":8,"24":4,"25":3,"26":3,"27":2,"28":2,"29":7,"30":2},"b":{"1":[36,4],"2":[4,1],"3":[4,1],"4":[37,1],"5":[37,0],"6":[36,1],"7":[16,1],"8":[15,1],"9":[14,1],"10":[12,1],"11":[11,1],"12":[10,1],"13":[9,1],"14":[16,1],"15":[16,0],"16":[11,1],"17":[10,1],"18":[9,1],"19":[8,1],"20":[4,1],"21":[3,1],"22":[3,0],"23":[2,1],"24":[3,4]},"f":{"1":40,"2":4,"3":4,"4":37,"5":16,"6":12,"7":16,"8":11,"9":9,"10":4,"11":3},"fnMap":{"1":{"name":"onlyVoters","line":40,"loc":{"start":{"line":40,"column":4},"end":{"line":43,"column":4}}},"2":{"name":"getVoter","line":49,"loc":{"start":{"line":49,"column":4},"end":{"line":51,"column":4}}},"3":{"name":"getOneProposal","line":53,"loc":{"start":{"line":53,"column":4},"end":{"line":55,"column":4}}},"4":{"name":"addVoter","line":60,"loc":{"start":{"line":60,"column":4},"end":{"line":66,"column":4}}},"5":{"name":"addProposal","line":71,"loc":{"start":{"line":71,"column":4},"end":{"line":80,"column":4}}},"6":{"name":"setVote","line":84,"loc":{"start":{"line":84,"column":4},"end":{"line":94,"column":4}}},"7":{"name":"startProposalsRegistering","line":99,"loc":{"start":{"line":99,"column":4},"end":{"line":108,"column":4}}},"8":{"name":"endProposalsRegistering","line":110,"loc":{"start":{"line":110,"column":4},"end":{"line":114,"column":4}}},"9":{"name":"startVotingSession","line":116,"loc":{"start":{"line":116,"column":4},"end":{"line":120,"column":4}}},"10":{"name":"endVotingSession","line":122,"loc":{"start":{"line":122,"column":4},"end":{"line":126,"column":4}}},"11":{"name":"tallyVotes","line":129,"loc":{"start":{"line":129,"column":3},"end":{"line":141,"column":4}}}},"statementMap":{"1":{"start":{"line":41,"column":8},"end":{"line":41,"column":69}},"2":{"start":{"line":50,"column":8},"end":{"line":50,"column":28}},"3":{"start":{"line":54,"column":8},"end":{"line":54,"column":34}},"4":{"start":{"line":61,"column":8},"end":{"line":61,"column":105}},"5":{"start":{"line":62,"column":8},"end":{"line":62,"column":72}},"6":{"start":{"line":65,"column":8},"end":{"line":65,"column":35}},"7":{"start":{"line":72,"column":8},"end":{"line":72,"column":110}},"8":{"start":{"line":73,"column":8},"end":{"line":73,"column":112}},"9":{"start":{"line":76,"column":8},"end":{"line":76,"column":32}},"10":{"start":{"line":78,"column":8},"end":{"line":78,"column":36}},"11":{"start":{"line":79,"column":8},"end":{"line":79,"column":56}},"12":{"start":{"line":85,"column":8},"end":{"line":85,"column":106}},"13":{"start":{"line":86,"column":8},"end":{"line":86,"column":77}},"14":{"start":{"line":87,"column":8},"end":{"line":87,"column":65}},"15":{"start":{"line":93,"column":8},"end":{"line":93,"column":35}},"16":{"start":{"line":100,"column":8},"end":{"line":100,"column":111}},"17":{"start":{"line":103,"column":8},"end":{"line":103,"column":32}},"18":{"start":{"line":105,"column":8},"end":{"line":105,"column":36}},"19":{"start":{"line":107,"column":8},"end":{"line":107,"column":112}},"20":{"start":{"line":111,"column":8},"end":{"line":111,"column":121}},"21":{"start":{"line":113,"column":8},"end":{"line":113,"column":121}},"22":{"start":{"line":117,"column":8},"end":{"line":117,"column":122}},"23":{"start":{"line":119,"column":8},"end":{"line":119,"column":113}},"24":{"start":{"line":123,"column":8},"end":{"line":123,"column":106}},"25":{"start":{"line":125,"column":8},"end":{"line":125,"column":105}},"26":{"start":{"line":130,"column":7},"end":{"line":130,"column":112}},"27":{"start":{"line":131,"column":7},"end":{"line":131,"column":30}},"28":{"start":{"line":132,"column":6},"end":{"line":132,"column":4827}},"29":{"start":{"line":133,"column":11},"end":{"line":133,"column":4895}},"30":{"start":{"line":140,"column":7},"end":{"line":140,"column":96}}},"branchMap":{"1":{"line":41,"type":"if","locations":[{"start":{"line":41,"column":8},"end":{"line":41,"column":8}},{"start":{"line":41,"column":8},"end":{"line":41,"column":8}}]},"2":{"line":49,"type":"if","locations":[{"start":{"line":49,"column":46},"end":{"line":49,"column":46}},{"start":{"line":49,"column":46},"end":{"line":49,"column":46}}]},"3":{"line":53,"type":"if","locations":[{"start":{"line":53,"column":47},"end":{"line":53,"column":47}},{"start":{"line":53,"column":47},"end":{"line":53,"column":47}}]},"4":{"line":60,"type":"if","locations":[{"start":{"line":60,"column":46},"end":{"line":60,"column":46}},{"start":{"line":60,"column":46},"end":{"line":60,"column":46}}]},"5":{"line":61,"type":"if","locations":[{"start":{"line":61,"column":8},"end":{"line":61,"column":8}},{"start":{"line":61,"column":8},"end":{"line":61,"column":8}}]},"6":{"line":62,"type":"if","locations":[{"start":{"line":62,"column":8},"end":{"line":62,"column":8}},{"start":{"line":62,"column":8},"end":{"line":62,"column":8}}]},"7":{"line":71,"type":"if","locations":[{"start":{"line":71,"column":57},"end":{"line":71,"column":57}},{"start":{"line":71,"column":57},"end":{"line":71,"column":57}}]},"8":{"line":72,"type":"if","locations":[{"start":{"line":72,"column":8},"end":{"line":72,"column":8}},{"start":{"line":72,"column":8},"end":{"line":72,"column":8}}]},"9":{"line":73,"type":"if","locations":[{"start":{"line":73,"column":8},"end":{"line":73,"column":8}},{"start":{"line":73,"column":8},"end":{"line":73,"column":8}}]},"10":{"line":84,"type":"if","locations":[{"start":{"line":84,"column":40},"end":{"line":84,"column":40}},{"start":{"line":84,"column":40},"end":{"line":84,"column":40}}]},"11":{"line":85,"type":"if","locations":[{"start":{"line":85,"column":8},"end":{"line":85,"column":8}},{"start":{"line":85,"column":8},"end":{"line":85,"column":8}}]},"12":{"line":86,"type":"if","locations":[{"start":{"line":86,"column":8},"end":{"line":86,"column":8}},{"start":{"line":86,"column":8},"end":{"line":86,"column":8}}]},"13":{"line":87,"type":"if","locations":[{"start":{"line":87,"column":8},"end":{"line":87,"column":8}},{"start":{"line":87,"column":8},"end":{"line":87,"column":8}}]},"14":{"line":99,"type":"if","locations":[{"start":{"line":99,"column":50},"end":{"line":99,"column":50}},{"start":{"line":99,"column":50},"end":{"line":99,"column":50}}]},"15":{"line":100,"type":"if","locations":[{"start":{"line":100,"column":8},"end":{"line":100,"column":8}},{"start":{"line":100,"column":8},"end":{"line":100,"column":8}}]},"16":{"line":110,"type":"if","locations":[{"start":{"line":110,"column":48},"end":{"line":110,"column":48}},{"start":{"line":110,"column":48},"end":{"line":110,"column":48}}]},"17":{"line":111,"type":"if","locations":[{"start":{"line":111,"column":8},"end":{"line":111,"column":8}},{"start":{"line":111,"column":8},"end":{"line":111,"column":8}}]},"18":{"line":116,"type":"if","locations":[{"start":{"line":116,"column":43},"end":{"line":116,"column":43}},{"start":{"line":116,"column":43},"end":{"line":116,"column":43}}]},"19":{"line":117,"type":"if","locations":[{"start":{"line":117,"column":8},"end":{"line":117,"column":8}},{"start":{"line":117,"column":8},"end":{"line":117,"column":8}}]},"20":{"line":122,"type":"if","locations":[{"start":{"line":122,"column":41},"end":{"line":122,"column":41}},{"start":{"line":122,"column":41},"end":{"line":122,"column":41}}]},"21":{"line":123,"type":"if","locations":[{"start":{"line":123,"column":8},"end":{"line":123,"column":8}},{"start":{"line":123,"column":8},"end":{"line":123,"column":8}}]},"22":{"line":129,"type":"if","locations":[{"start":{"line":129,"column":34},"end":{"line":129,"column":34}},{"start":{"line":129,"column":34},"end":{"line":129,"column":34}}]},"23":{"line":130,"type":"if","locations":[{"start":{"line":130,"column":7},"end":{"line":130,"column":7}},{"start":{"line":130,"column":7},"end":{"line":130,"column":7}}]},"24":{"line":133,"type":"if","locations":[{"start":{"line":133,"column":11},"end":{"line":133,"column":11}},{"start":{"line":133,"column":11},"end":{"line":133,"column":11}}]}}}}