TN:
SF:/Users/ayoub/Desktop/Ayoub/Projet Entrepreneur/Web3/Code/Alyra/Tests unitaires/Projet 2/contracts/Voting.sol
FN:40,onlyVoters
FN:49,getVoter
FN:53,getOneProposal
FN:60,addVoter
FN:71,addProposal
FN:84,setVote
FN:99,startProposalsRegistering
FN:110,endProposalsRegistering
FN:116,startVotingSession
FN:122,endVotingSession
FN:129,tallyVotes
FNF:11
FNH:11
FNDA:40,onlyVoters
FNDA:4,getVoter
FNDA:4,getOneProposal
FNDA:37,addVoter
FNDA:16,addProposal
FNDA:12,setVote
FNDA:16,startProposalsRegistering
FNDA:11,endProposalsRegistering
FNDA:9,startVotingSession
FNDA:4,endVotingSession
FNDA:3,tallyVotes
DA:41,40
DA:42,36
DA:50,4
DA:54,4
DA:61,37
DA:62,37
DA:64,36
DA:65,36
DA:72,16
DA:73,15
DA:76,14
DA:77,14
DA:78,14
DA:79,14
DA:85,12
DA:86,11
DA:87,10
DA:89,9
DA:90,9
DA:91,9
DA:93,9
DA:100,16
DA:101,16
DA:103,16
DA:104,16
DA:105,16
DA:107,16
DA:111,11
DA:112,10
DA:113,10
DA:117,9
DA:118,8
DA:119,8
DA:123,4
DA:124,3
DA:125,3
DA:130,3
DA:131,2
DA:132,2
DA:133,7
DA:134,3
DA:137,2
DA:139,2
DA:140,2
LF:44
LH:44
BRDA:41,1,0,36
BRDA:41,1,1,4
BRDA:49,2,0,4
BRDA:49,2,1,1
BRDA:53,3,0,4
BRDA:53,3,1,1
BRDA:60,4,0,37
BRDA:60,4,1,1
BRDA:61,5,0,37
BRDA:61,5,1,0
BRDA:62,6,0,36
BRDA:62,6,1,1
BRDA:71,7,0,16
BRDA:71,7,1,1
BRDA:72,8,0,15
BRDA:72,8,1,1
BRDA:73,9,0,14
BRDA:73,9,1,1
BRDA:84,10,0,12
BRDA:84,10,1,1
BRDA:85,11,0,11
BRDA:85,11,1,1
BRDA:86,12,0,10
BRDA:86,12,1,1
BRDA:87,13,0,9
BRDA:87,13,1,1
BRDA:99,14,0,16
BRDA:99,14,1,1
BRDA:100,15,0,16
BRDA:100,15,1,0
BRDA:110,16,0,11
BRDA:110,16,1,1
BRDA:111,17,0,10
BRDA:111,17,1,1
BRDA:116,18,0,9
BRDA:116,18,1,1
BRDA:117,19,0,8
BRDA:117,19,1,1
BRDA:122,20,0,4
BRDA:122,20,1,1
BRDA:123,21,0,3
BRDA:123,21,1,1
BRDA:129,22,0,3
BRDA:129,22,1,0
BRDA:130,23,0,2
BRDA:130,23,1,1
BRDA:133,24,0,3
BRDA:133,24,1,4
BRF:48
BRH:45
end_of_record
